{
  "RSpec": {
    "coverage": {
      "/Users/dev/Documents/Office/Training/Rails/DinnerDash/spec/models/categorization_spec.rb": {
        "lines": [
          null,
          null,
          1,
          null,
          1,
          1,
          2,
          2,
          null,
          null
        ]
      },
      "/Users/dev/Documents/Office/Training/Rails/DinnerDash/spec/rails_helper.rb": {
        "lines": [
          null,
          null,
          null,
          1,
          1,
          1,
          null,
          1,
          1,
          null,
          null,
          null,
          null,
          null,
          null,
          null,
          null,
          null,
          null,
          null,
          null,
          null,
          null,
          null,
          2,
          null,
          null,
          null,
          null,
          1,
          null,
          0,
          0,
          null,
          1,
          1,
          null,
          null,
          1,
          null,
          null,
          null,
          null,
          1,
          null,
          null,
          null,
          null,
          null,
          null,
          null,
          null,
          null,
          null,
          null,
          null,
          null,
          null,
          null,
          null,
          null,
          1,
          null,
          null,
          1,
          null,
          null,
          null,
          null,
          1,
          1,
          1,
          1,
          null,
          null
        ]
      },
      "/Users/dev/Documents/Office/Training/Rails/DinnerDash/config/environment.rb": {
        "lines": [
          null,
          null,
          null,
          1,
          null,
          null,
          1
        ]
      },
      "/Users/dev/Documents/Office/Training/Rails/DinnerDash/config/application.rb": {
        "lines": [
          null,
          null,
          1,
          null,
          1,
          null,
          1,
          null,
          null,
          null,
          1,
          null,
          1,
          1,
          null,
          1,
          null,
          null,
          null,
          null,
          null,
          1,
          1,
          null,
          null
        ]
      },
      "/Users/dev/Documents/Office/Training/Rails/DinnerDash/config/boot.rb": {
        "lines": [
          null,
          null,
          1,
          null,
          1,
          1
        ]
      },
      "/Users/dev/Documents/Office/Training/Rails/DinnerDash/config/environments/test.rb": {
        "lines": [
          null,
          null,
          1,
          null,
          null,
          null,
          null,
          null,
          null,
          1,
          null,
          null,
          null,
          null,
          1,
          null,
          null,
          1,
          1,
          null,
          null,
          null,
          null,
          1,
          1,
          null,
          null,
          1,
          null,
          null,
          1,
          null,
          null,
          1,
          null,
          1,
          null,
          null,
          null,
          null,
          1,
          null,
          null,
          1,
          null,
          null,
          null,
          null
        ]
      },
      "/Users/dev/Documents/Office/Training/Rails/DinnerDash/config/initializers/application_controller_renderer.rb": {
        "lines": [
          null,
          null,
          null,
          null,
          null,
          null,
          null,
          null,
          null
        ]
      },
      "/Users/dev/Documents/Office/Training/Rails/DinnerDash/config/initializers/assets.rb": {
        "lines": [
          null,
          null,
          null,
          null,
          null,
          1,
          null,
          null,
          null,
          null,
          1,
          null,
          null,
          null,
          null,
          null
        ]
      },
      "/Users/dev/Documents/Office/Training/Rails/DinnerDash/config/initializers/backtrace_silencers.rb": {
        "lines": [
          null,
          null,
          null,
          null,
          null,
          null,
          null,
          null
        ]
      },
      "/Users/dev/Documents/Office/Training/Rails/DinnerDash/config/initializers/cloudinary.rb": {
        "lines": [
          null,
          null,
          1,
          1,
          1,
          1,
          1,
          1,
          null
        ]
      },
      "/Users/dev/Documents/Office/Training/Rails/DinnerDash/config/initializers/content_security_policy.rb": {
        "lines": [
          null,
          null,
          null,
          null,
          null,
          null,
          null,
          null,
          null,
          null,
          null,
          null,
          null,
          null,
          null,
          null,
          null,
          null,
          null,
          null,
          null,
          null,
          null,
          null,
          null,
          null
        ]
      },
      "/Users/dev/Documents/Office/Training/Rails/DinnerDash/config/initializers/cookies_serializer.rb": {
        "lines": [
          null,
          null,
          null,
          null,
          null,
          null,
          1
        ]
      },
      "/Users/dev/Documents/Office/Training/Rails/DinnerDash/config/initializers/devise.rb": {
        "lines": [
          null,
          null,
          null,
          null,
          null,
          null,
          null,
          null,
          null,
          null,
          1,
          null,
          null,
          null,
          null,
          null,
          null,
          null,
          null,
          null,
          null,
          null,
          null,
          null,
          null,
          null,
          null,
          1,
          null,
          null,
          null,
          null,
          null,
          null,
          null,
          null,
          null,
          null,
          null,
          1,
          null,
          null,
          null,
          null,
          null,
          null,
          null,
          null,
          null,
          null,
          null,
          null,
          null,
          null,
          null,
          null,
          null,
          null,
          null,
          null,
          null,
          1,
          null,
          null,
          null,
          null,
          1,
          null,
          null,
          null,
          null,
          null,
          null,
          null,
          null,
          null,
          null,
          null,
          null,
          null,
          null,
          null,
          null,
          null,
          null,
          null,
          null,
          null,
          null,
          null,
          null,
          null,
          null,
          null,
          null,
          null,
          null,
          null,
          null,
          null,
          1,
          null,
          null,
          null,
          null,
          null,
          null,
          null,
          null,
          null,
          null,
          null,
          null,
          null,
          null,
          null,
          null,
          null,
          null,
          null,
          null,
          null,
          null,
          null,
          null,
          null,
          1,
          null,
          null,
          null,
          null,
          null,
          null,
          null,
          null,
          null,
          null,
          null,
          null,
          null,
          null,
          null,
          null,
          null,
          null,
          null,
          null,
          null,
          null,
          null,
          null,
          null,
          null,
          null,
          null,
          null,
          null,
          null,
          null,
          null,
          null,
          1,
          null,
          null,
          null,
          null,
          null,
          null,
          null,
          null,
          null,
          1,
          null,
          null,
          null,
          null,
          null,
          null,
          null,
          null,
          null,
          null,
          1,
          null,
          null,
          null,
          null,
          1,
          null,
          null,
          null,
          null,
          null,
          null,
          null,
          null,
          null,
          null,
          null,
          null,
          null,
          null,
          null,
          null,
          null,
          null,
          null,
          null,
          null,
          null,
          null,
          null,
          null,
          null,
          null,
          null,
          null,
          null,
          null,
          null,
          null,
          null,
          null,
          null,
          null,
          null,
          null,
          null,
          1,
          null,
          null,
          null,
          null,
          null,
          null,
          null,
          null,
          null,
          null,
          null,
          null,
          null,
          null,
          null,
          null,
          null,
          null,
          null,
          null,
          null,
          null,
          null,
          null,
          null,
          null,
          null,
          null,
          null,
          null,
          null,
          null,
          null,
          null,
          null,
          null,
          null,
          null,
          null,
          null,
          null,
          1,
          null,
          null,
          null,
          null,
          null,
          null,
          null,
          null,
          null,
          null,
          null,
          null,
          null,
          null,
          null,
          null,
          null,
          null,
          null,
          null,
          null,
          null,
          null,
          null,
          null,
          null,
          null,
          null,
          null,
          null,
          null,
          null,
          null,
          null,
          null,
          null,
          null,
          null,
          null,
          null,
          null,
          null
        ]
      },
      "/Users/dev/Documents/Office/Training/Rails/DinnerDash/config/initializers/filter_parameter_logging.rb": {
        "lines": [
          null,
          null,
          null,
          null,
          null,
          1
        ]
      },
      "/Users/dev/Documents/Office/Training/Rails/DinnerDash/config/initializers/inflections.rb": {
        "lines": [
          null,
          null,
          null,
          null,
          null,
          null,
          null,
          null,
          null,
          null,
          null,
          null,
          null,
          null,
          null,
          null,
          null
        ]
      },
      "/Users/dev/Documents/Office/Training/Rails/DinnerDash/config/initializers/mime_types.rb": {
        "lines": [
          null,
          null,
          null,
          null,
          null
        ]
      },
      "/Users/dev/Documents/Office/Training/Rails/DinnerDash/config/initializers/wrap_parameters.rb": {
        "lines": [
          null,
          null,
          null,
          null,
          null,
          null,
          null,
          null,
          1,
          2,
          null,
          null,
          null,
          null,
          null,
          null
        ]
      },
      "/Users/dev/Documents/Office/Training/Rails/DinnerDash/spec/factories/categories.rb": {
        "lines": [
          null,
          null,
          1,
          null,
          1,
          1,
          32,
          null,
          1,
          2,
          null,
          null,
          1,
          null,
          null
        ]
      },
      "/Users/dev/Documents/Office/Training/Rails/DinnerDash/spec/factories/categorizations.rb": {
        "lines": [
          null,
          null,
          1,
          null,
          1,
          1,
          1,
          1,
          null,
          1,
          1,
          null,
          null
        ]
      },
      "/Users/dev/Documents/Office/Training/Rails/DinnerDash/spec/factories/items.rb": {
        "lines": [
          null,
          null,
          1,
          null,
          1,
          1,
          16,
          16,
          17,
          null,
          17,
          null,
          1,
          null,
          15,
          null,
          null,
          null,
          null,
          1,
          2,
          null,
          null,
          1,
          2,
          null,
          null,
          1,
          2,
          null,
          null,
          1,
          2,
          null,
          null,
          1,
          1,
          1,
          1,
          null,
          null
        ]
      },
      "/Users/dev/Documents/Office/Training/Rails/DinnerDash/spec/factories/order_items.rb": {
        "lines": [
          null,
          null,
          1,
          null,
          1,
          1,
          11,
          11,
          11,
          null,
          2,
          11,
          null,
          null
        ]
      },
      "/Users/dev/Documents/Office/Training/Rails/DinnerDash/spec/factories/orders.rb": {
        "lines": [
          null,
          null,
          1,
          1,
          1,
          24,
          null,
          15,
          null,
          1,
          2,
          null,
          null,
          1,
          null,
          null
        ]
      },
      "/Users/dev/Documents/Office/Training/Rails/DinnerDash/spec/factories/restaurants.rb": {
        "lines": [
          null,
          null,
          1,
          null,
          1,
          1,
          41,
          33,
          33,
          null,
          1,
          2,
          null,
          null,
          1,
          null,
          null
        ]
      },
      "/Users/dev/Documents/Office/Training/Rails/DinnerDash/spec/factories/users.rb": {
        "lines": [
          null,
          null,
          1,
          null,
          1,
          1,
          65,
          65,
          65,
          65,
          null,
          1,
          1,
          null,
          null,
          1,
          10,
          null,
          null,
          1,
          10,
          null,
          null,
          1,
          10,
          null,
          null,
          1,
          1,
          1,
          null,
          1,
          null,
          null
        ]
      },
      "/Users/dev/Documents/Office/Training/Rails/DinnerDash/config/routes.rb": {
        "lines": [
          null,
          null,
          1,
          1,
          1,
          null,
          1,
          1,
          1,
          null,
          1,
          1,
          1,
          1,
          null,
          1,
          null,
          1,
          1,
          null,
          null,
          1,
          1,
          null,
          null,
          1,
          1,
          1,
          null,
          1,
          1,
          null,
          1,
          1,
          1,
          null,
          null,
          1,
          null,
          null,
          null,
          null,
          null,
          null,
          null,
          null,
          null
        ]
      },
      "/Users/dev/Documents/Office/Training/Rails/DinnerDash/app/models/user.rb": {
        "lines": [
          null,
          null,
          1,
          null,
          null,
          1,
          1,
          1,
          1,
          1,
          1,
          1,
          null,
          1,
          71,
          null,
          null
        ]
      },
      "/Users/dev/Documents/Office/Training/Rails/DinnerDash/app/models/application_record.rb": {
        "lines": [
          null,
          null,
          1,
          1,
          null
        ]
      },
      "/Users/dev/Documents/Office/Training/Rails/DinnerDash/app/helpers/application_helper.rb": {
        "lines": [
          null,
          null,
          1,
          null
        ]
      },
      "/Users/dev/Documents/Office/Training/Rails/DinnerDash/app/helpers/cart_helper.rb": {
        "lines": [
          null,
          null,
          1,
          null
        ]
      },
      "/Users/dev/Documents/Office/Training/Rails/DinnerDash/app/helpers/categories_helper.rb": {
        "lines": [
          null,
          null,
          1,
          null
        ]
      },
      "/Users/dev/Documents/Office/Training/Rails/DinnerDash/app/helpers/home_helper.rb": {
        "lines": [
          null,
          null,
          1,
          null
        ]
      },
      "/Users/dev/Documents/Office/Training/Rails/DinnerDash/app/helpers/items_helper.rb": {
        "lines": [
          null,
          null,
          1,
          null
        ]
      },
      "/Users/dev/Documents/Office/Training/Rails/DinnerDash/app/helpers/order_items_helper.rb": {
        "lines": [
          null,
          null,
          1,
          null
        ]
      },
      "/Users/dev/Documents/Office/Training/Rails/DinnerDash/app/helpers/orders_helper.rb": {
        "lines": [
          null,
          null,
          1,
          null
        ]
      },
      "/Users/dev/Documents/Office/Training/Rails/DinnerDash/app/helpers/restaurants_helper.rb": {
        "lines": [
          null,
          null,
          1,
          null
        ]
      },
      "/Users/dev/Documents/Office/Training/Rails/DinnerDash/spec/support/factory_bot.rb": {
        "lines": [
          null,
          null,
          1,
          1,
          null
        ]
      },
      "/Users/dev/Documents/Office/Training/Rails/DinnerDash/app/models/categorization.rb": {
        "lines": [
          null,
          null,
          1,
          1,
          1,
          null
        ]
      },
      "/Users/dev/Documents/Office/Training/Rails/DinnerDash/spec/models/category_spec.rb": {
        "lines": [
          null,
          null,
          1,
          null,
          1,
          1,
          2,
          2,
          null,
          null,
          1,
          2,
          2,
          null,
          null,
          1,
          1,
          1,
          null,
          null,
          1,
          1,
          1,
          1,
          null,
          null,
          null
        ]
      },
      "/Users/dev/Documents/Office/Training/Rails/DinnerDash/app/models/category.rb": {
        "lines": [
          null,
          null,
          1,
          1,
          1,
          1,
          null
        ]
      },
      "/Users/dev/Documents/Office/Training/Rails/DinnerDash/spec/models/item_spec.rb": {
        "lines": [
          null,
          null,
          1,
          null,
          1,
          1,
          2,
          2,
          2,
          2,
          2,
          2,
          null,
          null,
          1,
          2,
          2,
          2,
          2,
          null,
          null,
          1,
          1,
          1,
          null,
          null,
          1,
          1,
          1,
          1,
          null,
          null,
          1,
          1,
          1,
          1,
          null,
          null,
          1,
          1,
          null,
          null,
          1,
          1,
          null,
          null,
          1,
          null,
          1,
          null,
          null,
          null
        ]
      },
      "/Users/dev/Documents/Office/Training/Rails/DinnerDash/app/models/item.rb": {
        "lines": [
          null,
          null,
          1,
          1,
          1,
          1,
          1,
          1,
          1,
          1,
          1,
          1,
          1,
          1,
          null,
          1,
          27,
          12,
          15,
          0,
          null,
          null,
          null,
          1,
          26,
          null,
          null
        ]
      },
      "/Users/dev/Documents/Office/Training/Rails/DinnerDash/spec/models/order_item_spec.rb": {
        "lines": [
          null,
          null,
          1,
          null,
          1,
          1,
          2,
          2,
          null,
          null,
          1,
          2,
          null,
          null,
          2,
          null,
          null,
          null,
          null,
          1,
          1,
          1,
          null,
          null,
          null
        ]
      },
      "/Users/dev/Documents/Office/Training/Rails/DinnerDash/app/models/order_item.rb": {
        "lines": [
          null,
          null,
          1,
          1,
          1,
          1,
          1,
          null,
          1,
          null,
          1,
          23,
          3,
          null,
          20,
          null,
          null,
          null,
          1,
          10,
          null,
          null,
          1,
          null,
          1,
          10,
          null,
          null,
          1,
          10,
          null,
          null
        ]
      },
      "/Users/dev/Documents/Office/Training/Rails/DinnerDash/spec/models/order_spec.rb": {
        "lines": [
          null,
          null,
          1,
          null,
          1,
          1,
          2,
          2,
          2,
          2,
          null,
          null,
          1,
          2,
          null,
          null,
          1,
          1,
          1,
          null,
          null,
          1,
          1,
          null,
          null,
          1,
          1,
          1,
          1,
          null,
          null,
          1,
          1,
          1,
          null,
          null,
          null
        ]
      },
      "/Users/dev/Documents/Office/Training/Rails/DinnerDash/app/models/order.rb": {
        "lines": [
          null,
          null,
          1,
          1,
          1,
          1,
          1,
          1,
          1,
          1,
          null,
          1,
          28,
          null,
          null
        ]
      },
      "/Users/dev/Documents/Office/Training/Rails/DinnerDash/spec/models/restaurant_spec.rb": {
        "lines": [
          null,
          null,
          1,
          null,
          1,
          1,
          2,
          2,
          2,
          null,
          null,
          1,
          2,
          2,
          null,
          null,
          1,
          1,
          1,
          null,
          null,
          1,
          1,
          1,
          1,
          null,
          null,
          null
        ]
      },
      "/Users/dev/Documents/Office/Training/Rails/DinnerDash/app/models/restaurant.rb": {
        "lines": [
          null,
          null,
          1,
          1,
          1,
          1,
          1,
          null
        ]
      },
      "/Users/dev/Documents/Office/Training/Rails/DinnerDash/spec/models/user_spec.rb": {
        "lines": [
          null,
          null,
          1,
          null,
          1,
          1,
          2,
          2,
          null,
          null,
          1,
          2,
          2,
          2,
          2,
          2,
          null,
          null,
          1,
          1,
          1,
          null,
          null,
          1,
          1,
          null,
          null,
          1,
          1,
          1,
          null,
          null,
          1,
          1,
          null,
          null,
          null
        ]
      },
      "/Users/dev/Documents/Office/Training/Rails/DinnerDash/spec/requests/orders_spec.rb": {
        "lines": [
          null,
          null,
          1,
          null,
          1,
          1,
          10,
          10,
          10,
          10,
          10,
          1,
          9,
          null,
          10,
          null,
          1,
          1,
          null,
          1,
          1,
          1,
          null,
          null,
          1,
          1,
          1,
          1,
          1,
          1,
          1,
          1,
          null,
          null,
          1,
          1,
          null,
          null,
          1,
          1,
          1,
          null,
          null,
          1,
          1,
          1,
          1,
          1,
          null,
          null,
          null,
          null,
          null,
          1,
          1,
          1,
          1,
          1,
          null,
          null,
          null,
          null,
          null,
          null,
          1,
          1,
          1,
          1,
          1,
          null,
          null,
          null,
          null,
          null,
          null,
          1,
          1,
          1,
          1,
          1,
          null,
          null,
          null,
          null,
          null,
          null,
          1,
          1,
          1,
          1,
          1,
          null,
          null,
          null,
          null,
          null,
          null,
          1,
          1,
          1,
          1,
          1,
          null,
          null,
          null,
          null,
          null,
          null,
          null,
          null,
          null,
          null,
          null,
          null,
          null,
          null,
          null,
          null,
          null,
          null
        ]
      },
      "/Users/dev/Documents/Office/Training/Rails/DinnerDash/app/controllers/orders_controller.rb": {
        "lines": [
          null,
          null,
          1,
          1,
          1,
          null,
          1,
          4,
          4,
          null,
          1,
          null,
          2,
          null,
          1,
          null,
          null,
          null,
          1,
          3,
          2,
          2,
          2,
          2,
          null,
          null,
          1,
          0,
          null,
          null,
          1,
          3,
          3,
          null,
          null,
          1,
          0,
          null,
          null,
          1,
          0,
          0,
          0,
          null,
          0,
          null,
          null,
          1,
          null,
          1,
          0,
          0,
          0,
          0,
          0,
          null,
          0,
          0,
          null,
          null,
          null,
          1,
          1,
          null,
          null,
          1,
          1,
          null,
          null,
          1,
          2,
          1,
          null,
          1,
          null,
          null,
          null,
          1,
          1,
          1,
          null,
          null,
          null,
          1,
          1,
          1,
          null,
          null,
          null,
          1,
          0,
          null,
          null
        ]
      },
      "/Users/dev/Documents/Office/Training/Rails/DinnerDash/app/controllers/application_controller.rb": {
        "lines": [
          null,
          null,
          1,
          1,
          1,
          1,
          1,
          null,
          1,
          0,
          null,
          null,
          1,
          null,
          1,
          0,
          0,
          null,
          null,
          1,
          null,
          1,
          0,
          0,
          null,
          null,
          1,
          1,
          1,
          null,
          null
        ]
      },
      "/Users/dev/Documents/Office/Training/Rails/DinnerDash/app/policies/order_policy.rb": {
        "lines": [
          null,
          null,
          1,
          null,
          null,
          null,
          null,
          1,
          4,
          null,
          null,
          1,
          0,
          null,
          null,
          1,
          3,
          null,
          null,
          1,
          0,
          null,
          null,
          1,
          3,
          null,
          null,
          1,
          0,
          null,
          null
        ]
      },
      "/Users/dev/Documents/Office/Training/Rails/DinnerDash/app/policies/application_policy.rb": {
        "lines": [
          null,
          null,
          1,
          1,
          null,
          1,
          10,
          10,
          null,
          null,
          1,
          5,
          null,
          null,
          1,
          0,
          null,
          null,
          1,
          3,
          null,
          null,
          1,
          8,
          null,
          null,
          1,
          0,
          null,
          null,
          1,
          0,
          null,
          null,
          1,
          0,
          null,
          null,
          1,
          0,
          null,
          null,
          1,
          0,
          null,
          null,
          1,
          0,
          null,
          null,
          1,
          0,
          null,
          null,
          1,
          1,
          0,
          0,
          null,
          null,
          1,
          0,
          null,
          null,
          1,
          null,
          1,
          null,
          null
        ]
      }
    },
    "timestamp": 1662000274
  }
}
